
ROM used: 346 (1%)
          346 (1%) including unused fragments

          1 Average locations per line
          16 Average locations per statement

RAM used: 38 (2%) at main() level
          40 (2%) worst case

Stack used: 2 worst case (out of 29 total available)

Lines Stmts  %   Files
----- ----- ---  -----
   79    21 100  master.c
  371     0   0  C:\Program Files\PICC\devices\18F2550.h
----- -----
  450    21 Total

Page ROM  %  RAM   Vol Diff  Functions:
---- --- --- ---   --- ----  ----------
0     28   4   1             @I2C_WRITEU_1
0     28   4   1   221  4.5  @I2C_READU_1
0     74  11   1   282  3.7  external_RB4
0     62   9   0   172  2.7  MAIN

Program metrics:
    Functions               3
    Statements              21
    Comments                116
    Volume (V)              894
    Difficilty (D)          10.7
    Effort to implement (E) 9569
    Time to implement (T)   9 minutes
    Est Delivered Bugs (B)  0
    Cyclomatic Complexity   4
    Maintainability (MI)    99

 Segment     Used  Free
-----------  ----  ----
00000-00002     4  0  
00004-00006     0  4  
00008-0009C   150  0  
0009E-07FFE   192  32418  



